<html>
<head>
<title>TestNG:  Default test</title>
<link href="../testng.css" rel="stylesheet" type="text/css" />
<link href="../my-testng.css" rel="stylesheet" type="text/css" />

<style type="text/css">
.log { display: none;} 
.stack-trace { display: none;} 
</style>
<script type="text/javascript">
<!--
function flip(e) {
  current = e.style.display;
  if (current == 'block') {
    e.style.display = 'none';
    return 0;
  }
  else {
    e.style.display = 'block';
    return 1;
  }
}

function toggleBox(szDivId, elem, msg1, msg2)
{
  var res = -1;  if (document.getElementById) {
    res = flip(document.getElementById(szDivId));
  }
  else if (document.all) {
    // this is the way old msie versions work
    res = flip(document.all[szDivId]);
  }
  if(elem) {
    if(res == 0) elem.innerHTML = msg1; else elem.innerHTML = msg2;
  }

}

function toggleAllBoxes() {
  if (document.getElementsByTagName) {
    d = document.getElementsByTagName('div');
    for (i = 0; i < d.length; i++) {
      if (d[i].className == 'log') {
        flip(d[i]);
      }
    }
  }
}

// -->
</script>

</head>
<body>
<h2 align='center'>Default test</h2><table border='1' align="center">
<tr>
<td>Tests passed/Failed/Skipped:</td><td>22/1/0</td>
</tr><tr>
<td>Started on:</td><td>Sun Oct 01 11:08:39 PDT 2023</td>
</tr>
<tr><td>Total time:</td><td>153 seconds (153621 ms)</td>
</tr><tr>
<td>Included groups:</td><td></td>
</tr><tr>
<td>Excluded groups:</td><td></td>
</tr>
</table><p/>
<small><i>(Hover the method name to see the test class name)</i></small><p/>
<table width='100%' border='1' class='invocation-failed'>
<tr><td colspan='4' align='center'><b>FAILED TESTS</b></td></tr>
<tr><td><b>Test method</b></td>
<td width="30%"><b>Exception</b></td>
<td width="10%"><b>Time (seconds)</b></td>
<td><b>Instance</b></td>
</tr>
<tr>
<td title='com.TestNG.Oct_01_2023_Day10_TestNG_ExcelSheet_DataProvider.TestCases.rediffLogin()'><b>rediffLogin</b><br>Test class: com.TestNG.Oct_01_2023_Day10_TestNG_ExcelSheet_DataProvider.TestCases<br>Parameters: Mohamedboudguig@rediffmail.com, Medbgd0707@</td>
<td><div><pre>org.openqa.selenium.NoSuchElementException: no such element: Unable to locate element: {&quot;method&quot;:&quot;css selector&quot;,&quot;selector&quot;:&quot;.rd_logout&quot;}
  (Session info: chrome=117.0.5938.132)
For documentation on this error, please visit: https://www.selenium.dev/documentation/webdriver/troubleshooting/errors#no-such-element-exception
Build info: version: &apos;4.12.1&apos;, revision: &apos;8e34639b11&apos;
System info: os.name: &apos;Windows 11&apos;, os.arch: &apos;amd64&apos;, os.version: &apos;10.0&apos;, java.version: &apos;17.0.8.1&apos;
Driver info: org.openqa.selenium.chrome.ChromeDriver
Command: [772a2068d2caeed4cf2ae032f4da89a1, findElement {using=class name, value=rd_logout}]
Capabilities {acceptInsecureCerts: false, browserName: chrome, browserVersion: 117.0.5938.132, chrome: {chromedriverVersion: 117.0.5938.92 (67649b10b92b..., userDataDir: C:\Users\sarth\AppData\Loca...}, fedcm:accounts: true, goog:chromeOptions: {debuggerAddress: localhost:57888}, networkConnectionEnabled: false, pageLoadStrategy: normal, platformName: windows, proxy: Proxy(), se:cdp: ws://localhost:57888/devtoo..., se:cdpVersion: 117.0.5938.132, setWindowRect: true, strictFileInteractability: false, timeouts: {implicit: 0, pageLoad: 300000, script: 30000}, unhandledPromptBehavior: dismiss and notify, webauthn:extension:credBlob: true, webauthn:extension:largeBlob: true, webauthn:extension:minPinLength: true, webauthn:extension:prf: true, webauthn:virtualAuthenticators: true}
Session ID: 772a2068d2caeed4cf2ae032f4da89a1
	at java.base/jdk.internal.reflect.NativeConstructorAccessorImpl.newInstance0(Native Method)
	at java.base/jdk.internal.reflect.NativeConstructorAccessorImpl.newInstance(NativeConstructorAccessorImpl.java:77)
	at java.base/jdk.internal.reflect.DelegatingConstructorAccessorImpl.newInstance(DelegatingConstructorAccessorImpl.java:45)
	at java.base/java.lang.reflect.Constructor.newInstanceWithCaller(Constructor.java:499)
	at java.base/java.lang.reflect.Constructor.newInstance(Constructor.java:480)
	at org.openqa.selenium.remote.codec.w3c.W3CHttpResponseCodec.createException(W3CHttpResponseCodec.java:200)
	at org.openqa.selenium.remote.codec.w3c.W3CHttpResponseCodec.decode(W3CHttpResponseCodec.java:133)
	at org.openqa.selenium.remote.codec.w3c.W3CHttpResponseCodec.decode(W3CHttpResponseCodec.java:52)
	at org.openqa.selenium.remote.HttpCommandExecutor.execute(HttpCommandExecutor.java:191)
	at org.openqa.selenium.remote.service.DriverCommandExecutor.invokeExecute(DriverCommandExecutor.java:196)
	at org.openqa.selenium.remote.service.DriverCommandExecutor.execute(DriverCommandExecutor.java:171)
	at org.openqa.selenium.remote.RemoteWebDriver.execute(RemoteWebDriver.java:602)
	at org.openqa.selenium.remote.ElementLocation$ElementFinder$2.findElement(ElementLocation.java:165)
	at org.openqa.selenium.remote.ElementLocation.findElement(ElementLocation.java:66)
	at org.openqa.selenium.remote.RemoteWebDriver.findElement(RemoteWebDriver.java:359)
	at org.openqa.selenium.remote.RemoteWebDriver.findElement(RemoteWebDriver.java:353)
	at com.TestNG.Oct_01_2023_Day10_TestNG_ExcelSheet_DataProvider.TestCases.rediffLogin(TestCases.java:65)
	at java.base/jdk.internal.reflect.NativeMethodAccessorImpl.invoke0(Native Method)
	at java.base/jdk.internal.reflect.NativeMethodAccessorImpl.invoke(NativeMethodAccessorImpl.java:77)
	at java.base/jdk.internal.reflect.DelegatingMethodAccessorImpl.invoke(DelegatingMethodAccessorImpl.java:43)
	at java.base/java.lang.reflect.Method.invoke(Method.java:568)
	at org.testng.internal.MethodInvocationHelper.invokeMethod(MethodInvocationHelper.java:108)
	at org.testng.internal.Invoker.invokeMethod(Invoker.java:661)
	at org.testng.internal.Invoker.invokeTestMethod(Invoker.java:869)
	at org.testng.internal.Invoker.invokeTestMethods(Invoker.java:1193)
	at org.testng.internal.TestMethodWorker.invokeTestMethods(TestMethodWorker.java:126)
	at org.testng.internal.TestMethodWorker.run(TestMethodWorker.java:109)
	at org.testng.TestRunner.privateRun(TestRunner.java:744)
	at org.testng.TestRunner.run(TestRunner.java:602)
	at org.testng.SuiteRunner.runTest(SuiteRunner.java:380)
	at org.testng.SuiteRunner.runSequentially(SuiteRunner.java:375)
	at org.testng.SuiteRunner.privateRun(SuiteRunner.java:340)
	at org.testng.SuiteRunner.run(SuiteRunner.java:289)
	at org.testng.SuiteRunnerWorker.runSuite(SuiteRunnerWorker.java:52)
	at org.testng.SuiteRunnerWorker.run(SuiteRunnerWorker.java:86)
	at org.testng.TestNG.runSuitesSequentially(TestNG.java:1301)
	at org.testng.TestNG.runSuitesLocally(TestNG.java:1226)
	at org.testng.TestNG.runSuites(TestNG.java:1144)
	at org.testng.TestNG.run(TestNG.java:1115)
	at org.testng.remote.AbstractRemoteTestNG.run(AbstractRemoteTestNG.java:115)
	at org.testng.remote.RemoteTestNG.initAndRun(RemoteTestNG.java:251)
	at org.testng.remote.RemoteTestNG.main(RemoteTestNG.java:77)
</pre></div><a href='#' onClick='toggleBox("stack-trace1870158375", this, "Click to show all stack frames", "Click to hide stack frames")'>Click to show all stack frames</a>
<div class='stack-trace' id='stack-trace1870158375'><pre>org.openqa.selenium.NoSuchElementException: no such element: Unable to locate element: {&quot;method&quot;:&quot;css selector&quot;,&quot;selector&quot;:&quot;.rd_logout&quot;}
  (Session info: chrome=117.0.5938.132)
For documentation on this error, please visit: https://www.selenium.dev/documentation/webdriver/troubleshooting/errors#no-such-element-exception
Build info: version: &apos;4.12.1&apos;, revision: &apos;8e34639b11&apos;
System info: os.name: &apos;Windows 11&apos;, os.arch: &apos;amd64&apos;, os.version: &apos;10.0&apos;, java.version: &apos;17.0.8.1&apos;
Driver info: org.openqa.selenium.chrome.ChromeDriver
Command: [772a2068d2caeed4cf2ae032f4da89a1, findElement {using=class name, value=rd_logout}]
Capabilities {acceptInsecureCerts: false, browserName: chrome, browserVersion: 117.0.5938.132, chrome: {chromedriverVersion: 117.0.5938.92 (67649b10b92b..., userDataDir: C:\Users\sarth\AppData\Loca...}, fedcm:accounts: true, goog:chromeOptions: {debuggerAddress: localhost:57888}, networkConnectionEnabled: false, pageLoadStrategy: normal, platformName: windows, proxy: Proxy(), se:cdp: ws://localhost:57888/devtoo..., se:cdpVersion: 117.0.5938.132, setWindowRect: true, strictFileInteractability: false, timeouts: {implicit: 0, pageLoad: 300000, script: 30000}, unhandledPromptBehavior: dismiss and notify, webauthn:extension:credBlob: true, webauthn:extension:largeBlob: true, webauthn:extension:minPinLength: true, webauthn:extension:prf: true, webauthn:virtualAuthenticators: true}
Session ID: 772a2068d2caeed4cf2ae032f4da89a1
	at java.base/jdk.internal.reflect.NativeConstructorAccessorImpl.newInstance0(Native Method)
	at java.base/jdk.internal.reflect.NativeConstructorAccessorImpl.newInstance(NativeConstructorAccessorImpl.java:77)
	at java.base/jdk.internal.reflect.DelegatingConstructorAccessorImpl.newInstance(DelegatingConstructorAccessorImpl.java:45)
	at java.base/java.lang.reflect.Constructor.newInstanceWithCaller(Constructor.java:499)
	at java.base/java.lang.reflect.Constructor.newInstance(Constructor.java:480)
	at org.openqa.selenium.remote.codec.w3c.W3CHttpResponseCodec.createException(W3CHttpResponseCodec.java:200)
	at org.openqa.selenium.remote.codec.w3c.W3CHttpResponseCodec.decode(W3CHttpResponseCodec.java:133)
	at org.openqa.selenium.remote.codec.w3c.W3CHttpResponseCodec.decode(W3CHttpResponseCodec.java:52)
	at org.openqa.selenium.remote.HttpCommandExecutor.execute(HttpCommandExecutor.java:191)
	at org.openqa.selenium.remote.service.DriverCommandExecutor.invokeExecute(DriverCommandExecutor.java:196)
	at org.openqa.selenium.remote.service.DriverCommandExecutor.execute(DriverCommandExecutor.java:171)
	at org.openqa.selenium.remote.RemoteWebDriver.execute(RemoteWebDriver.java:602)
	at org.openqa.selenium.remote.ElementLocation$ElementFinder$2.findElement(ElementLocation.java:165)
	at org.openqa.selenium.remote.ElementLocation.findElement(ElementLocation.java:66)
	at org.openqa.selenium.remote.RemoteWebDriver.findElement(RemoteWebDriver.java:359)
	at org.openqa.selenium.remote.RemoteWebDriver.findElement(RemoteWebDriver.java:353)
	at com.TestNG.Oct_01_2023_Day10_TestNG_ExcelSheet_DataProvider.TestCases.rediffLogin(TestCases.java:65)
	at java.base/jdk.internal.reflect.NativeMethodAccessorImpl.invoke0(Native Method)
	at java.base/jdk.internal.reflect.NativeMethodAccessorImpl.invoke(NativeMethodAccessorImpl.java:77)
	at java.base/jdk.internal.reflect.DelegatingMethodAccessorImpl.invoke(DelegatingMethodAccessorImpl.java:43)
	at java.base/java.lang.reflect.Method.invoke(Method.java:568)
	at org.testng.internal.MethodInvocationHelper.invokeMethod(MethodInvocationHelper.java:108)
	at org.testng.internal.Invoker.invokeMethod(Invoker.java:661)
	at org.testng.internal.Invoker.invokeTestMethod(Invoker.java:869)
	at org.testng.internal.Invoker.invokeTestMethods(Invoker.java:1193)
	at org.testng.internal.TestMethodWorker.invokeTestMethods(TestMethodWorker.java:126)
	at org.testng.internal.TestMethodWorker.run(TestMethodWorker.java:109)
	at org.testng.TestRunner.privateRun(TestRunner.java:744)
	at org.testng.TestRunner.run(TestRunner.java:602)
	at org.testng.SuiteRunner.runTest(SuiteRunner.java:380)
	at org.testng.SuiteRunner.runSequentially(SuiteRunner.java:375)
	at org.testng.SuiteRunner.privateRun(SuiteRunner.java:340)
	at org.testng.SuiteRunner.run(SuiteRunner.java:289)
	at org.testng.SuiteRunnerWorker.runSuite(SuiteRunnerWorker.java:52)
	at org.testng.SuiteRunnerWorker.run(SuiteRunnerWorker.java:86)
	at org.testng.TestNG.runSuitesSequentially(TestNG.java:1301)
	at org.testng.TestNG.runSuitesLocally(TestNG.java:1226)
	at org.testng.TestNG.runSuites(TestNG.java:1144)
	at org.testng.TestNG.run(TestNG.java:1115)
	at org.testng.remote.AbstractRemoteTestNG.run(AbstractRemoteTestNG.java:115)
	at org.testng.remote.RemoteTestNG.initAndRun(RemoteTestNG.java:251)
	at org.testng.remote.RemoteTestNG.main(RemoteTestNG.java:77)
</pre></div></td>
<td>4</td>
<td>com.TestNG.Oct_01_2023_Day10_TestNG_ExcelSheet_DataProvider.TestCases@ca30bc1</td></tr>
</table><p>
<table width='100%' border='1' class='invocation-passed'>
<tr><td colspan='4' align='center'><b>PASSED TESTS</b></td></tr>
<tr><td><b>Test method</b></td>
<td width="30%"><b>Exception</b></td>
<td width="10%"><b>Time (seconds)</b></td>
<td><b>Instance</b></td>
</tr>
<tr>
<td title='com.TestNG.Oct_01_2023_Day10_TestNG_ExcelSheet_DataProvider.TestCases.loginTNTest()'><b>loginTNTest</b><br>Test class: com.TestNG.Oct_01_2023_Day10_TestNG_ExcelSheet_DataProvider.TestCases<br>Parameters: seleniumpanda@gmail.com, Selenium@123</td>
<td></td>
<td>8</td>
<td>com.TestNG.Oct_01_2023_Day10_TestNG_ExcelSheet_DataProvider.TestCases@ca30bc1</td></tr>
<tr>
<td title='com.TestNG.Oct_01_2023_Day10_TestNG_ExcelSheet_DataProvider.TestCases.loginTNTest()'><b>loginTNTest</b><br>Test class: com.TestNG.Oct_01_2023_Day10_TestNG_ExcelSheet_DataProvider.TestCases<br>Parameters: seleniumpanda1@gmail.com, Selenium@123</td>
<td></td>
<td>4</td>
<td>com.TestNG.Oct_01_2023_Day10_TestNG_ExcelSheet_DataProvider.TestCases@ca30bc1</td></tr>
<tr>
<td title='com.TestNG.Oct_01_2023_Day10_TestNG_ExcelSheet_DataProvider.TestCases.loginTNTest()'><b>loginTNTest</b><br>Test class: com.TestNG.Oct_01_2023_Day10_TestNG_ExcelSheet_DataProvider.TestCases<br>Parameters: seleniumpanda2@gmail.com, Selenium@123</td>
<td></td>
<td>4</td>
<td>com.TestNG.Oct_01_2023_Day10_TestNG_ExcelSheet_DataProvider.TestCases@ca30bc1</td></tr>
<tr>
<td title='com.TestNG.Oct_01_2023_Day10_TestNG_ExcelSheet_DataProvider.TestCases.loginTNTest()'><b>loginTNTest</b><br>Test class: com.TestNG.Oct_01_2023_Day10_TestNG_ExcelSheet_DataProvider.TestCases<br>Parameters: seleniumpanda3@gmail.com, Selenium@123</td>
<td></td>
<td>4</td>
<td>com.TestNG.Oct_01_2023_Day10_TestNG_ExcelSheet_DataProvider.TestCases@ca30bc1</td></tr>
<tr>
<td title='com.TestNG.Oct_01_2023_Day10_TestNG_ExcelSheet_DataProvider.TestCases.loginTNTest()'><b>loginTNTest</b><br>Test class: com.TestNG.Oct_01_2023_Day10_TestNG_ExcelSheet_DataProvider.TestCases<br>Parameters: seleniumpanda4@gmail.com, Selenium@123</td>
<td></td>
<td>4</td>
<td>com.TestNG.Oct_01_2023_Day10_TestNG_ExcelSheet_DataProvider.TestCases@ca30bc1</td></tr>
<tr>
<td title='com.TestNG.Oct_01_2023_Day10_TestNG_ExcelSheet_DataProvider.TestCases.loginTNTest()'><b>loginTNTest</b><br>Test class: com.TestNG.Oct_01_2023_Day10_TestNG_ExcelSheet_DataProvider.TestCases<br>Parameters: seleniumpanda5@gmail.com, Selenium@123</td>
<td></td>
<td>4</td>
<td>com.TestNG.Oct_01_2023_Day10_TestNG_ExcelSheet_DataProvider.TestCases@ca30bc1</td></tr>
<tr>
<td title='com.TestNG.Oct_01_2023_Day10_TestNG_ExcelSheet_DataProvider.TestCases.loginTNTest()'><b>loginTNTest</b><br>Test class: com.TestNG.Oct_01_2023_Day10_TestNG_ExcelSheet_DataProvider.TestCases<br>Parameters: seleniumpanda6@gmail.com, Selenium@123</td>
<td></td>
<td>4</td>
<td>com.TestNG.Oct_01_2023_Day10_TestNG_ExcelSheet_DataProvider.TestCases@ca30bc1</td></tr>
<tr>
<td title='com.TestNG.Oct_01_2023_Day10_TestNG_ExcelSheet_DataProvider.TestCases.loginTNTest()'><b>loginTNTest</b><br>Test class: com.TestNG.Oct_01_2023_Day10_TestNG_ExcelSheet_DataProvider.TestCases<br>Parameters: seleniumpanda7@gmail.com, Selenium@123</td>
<td></td>
<td>4</td>
<td>com.TestNG.Oct_01_2023_Day10_TestNG_ExcelSheet_DataProvider.TestCases@ca30bc1</td></tr>
<tr>
<td title='com.TestNG.Oct_01_2023_Day10_TestNG_ExcelSheet_DataProvider.TestCases.loginTNTest()'><b>loginTNTest</b><br>Test class: com.TestNG.Oct_01_2023_Day10_TestNG_ExcelSheet_DataProvider.TestCases<br>Parameters: seleniumpanda8@gmail.com, Selenium@123</td>
<td></td>
<td>4</td>
<td>com.TestNG.Oct_01_2023_Day10_TestNG_ExcelSheet_DataProvider.TestCases@ca30bc1</td></tr>
<tr>
<td title='com.TestNG.Oct_01_2023_Day10_TestNG_ExcelSheet_DataProvider.TestCases.rediffLogin()'><b>rediffLogin</b><br>Test class: com.TestNG.Oct_01_2023_Day10_TestNG_ExcelSheet_DataProvider.TestCases<br>Parameters: seleniumpanda@rediffmail.com, Selenium@123</td>
<td></td>
<td>9</td>
<td>com.TestNG.Oct_01_2023_Day10_TestNG_ExcelSheet_DataProvider.TestCases@ca30bc1</td></tr>
<tr>
<td title='com.TestNG.Oct_01_2023_Day10_TestNG_ExcelSheet_DataProvider.TestCases.rediffLogin()'><b>rediffLogin</b><br>Test class: com.TestNG.Oct_01_2023_Day10_TestNG_ExcelSheet_DataProvider.TestCases<br>Parameters: seleniumpanda1@rediffmail.com, Donkey@123</td>
<td></td>
<td>9</td>
<td>com.TestNG.Oct_01_2023_Day10_TestNG_ExcelSheet_DataProvider.TestCases@ca30bc1</td></tr>
<tr>
<td title='com.TestNG.Oct_01_2023_Day10_TestNG_ExcelSheet_DataProvider.TestCases.rediffLogin()'><b>rediffLogin</b><br>Test class: com.TestNG.Oct_01_2023_Day10_TestNG_ExcelSheet_DataProvider.TestCases<br>Parameters: chowdhurygs@rediffmail.com, Shajlee1@</td>
<td></td>
<td>11</td>
<td>com.TestNG.Oct_01_2023_Day10_TestNG_ExcelSheet_DataProvider.TestCases@ca30bc1</td></tr>
<tr>
<td title='com.TestNG.Oct_01_2023_Day10_TestNG_ExcelSheet_DataProvider.TestCases.rediffLogin()'><b>rediffLogin</b><br>Test class: com.TestNG.Oct_01_2023_Day10_TestNG_ExcelSheet_DataProvider.TestCases<br>Parameters: homa_rahimi@rediffmail.com, Winter2021?</td>
<td></td>
<td>11</td>
<td>com.TestNG.Oct_01_2023_Day10_TestNG_ExcelSheet_DataProvider.TestCases@ca30bc1</td></tr>
<tr>
<td title='com.TestNG.Oct_01_2023_Day10_TestNG_ExcelSheet_DataProvider.TestCases.registerTNTest()'><b>registerTNTest</b><br>Test class: com.TestNG.Oct_01_2023_Day10_TestNG_ExcelSheet_DataProvider.TestCases<br>Parameters: Selenium, Panda, 98765432, Selenium@123, Selenium@123</td>
<td></td>
<td>5</td>
<td>com.TestNG.Oct_01_2023_Day10_TestNG_ExcelSheet_DataProvider.TestCases@ca30bc1</td></tr>
<tr>
<td title='com.TestNG.Oct_01_2023_Day10_TestNG_ExcelSheet_DataProvider.TestCases.registerTNTest()'><b>registerTNTest</b><br>Test class: com.TestNG.Oct_01_2023_Day10_TestNG_ExcelSheet_DataProvider.TestCases<br>Parameters: Selenium, Panda, 98765432, Selenium@123, Selenium@123</td>
<td></td>
<td>5</td>
<td>com.TestNG.Oct_01_2023_Day10_TestNG_ExcelSheet_DataProvider.TestCases@ca30bc1</td></tr>
<tr>
<td title='com.TestNG.Oct_01_2023_Day10_TestNG_ExcelSheet_DataProvider.TestCases.registerTNTest()'><b>registerTNTest</b><br>Test class: com.TestNG.Oct_01_2023_Day10_TestNG_ExcelSheet_DataProvider.TestCases<br>Parameters: Selenium, Panda, 98765432, Selenium@123, Selenium@123</td>
<td></td>
<td>6</td>
<td>com.TestNG.Oct_01_2023_Day10_TestNG_ExcelSheet_DataProvider.TestCases@ca30bc1</td></tr>
<tr>
<td title='com.TestNG.Oct_01_2023_Day10_TestNG_ExcelSheet_DataProvider.TestCases.registerTNTest()'><b>registerTNTest</b><br>Test class: com.TestNG.Oct_01_2023_Day10_TestNG_ExcelSheet_DataProvider.TestCases<br>Parameters: Selenium, Panda, 98765432, Selenium@123, Selenium@123</td>
<td></td>
<td>5</td>
<td>com.TestNG.Oct_01_2023_Day10_TestNG_ExcelSheet_DataProvider.TestCases@ca30bc1</td></tr>
<tr>
<td title='com.TestNG.Oct_01_2023_Day10_TestNG_ExcelSheet_DataProvider.TestCases.registerTNTest()'><b>registerTNTest</b><br>Test class: com.TestNG.Oct_01_2023_Day10_TestNG_ExcelSheet_DataProvider.TestCases<br>Parameters: Selenium, Panda, 98765432, Selenium@123, Selenium@123</td>
<td></td>
<td>6</td>
<td>com.TestNG.Oct_01_2023_Day10_TestNG_ExcelSheet_DataProvider.TestCases@ca30bc1</td></tr>
<tr>
<td title='com.TestNG.Oct_01_2023_Day10_TestNG_ExcelSheet_DataProvider.TestCases.registerTNTest()'><b>registerTNTest</b><br>Test class: com.TestNG.Oct_01_2023_Day10_TestNG_ExcelSheet_DataProvider.TestCases<br>Parameters: Selenium, Panda, 98765432, Selenium@123, Selenium@123</td>
<td></td>
<td>6</td>
<td>com.TestNG.Oct_01_2023_Day10_TestNG_ExcelSheet_DataProvider.TestCases@ca30bc1</td></tr>
<tr>
<td title='com.TestNG.Oct_01_2023_Day10_TestNG_ExcelSheet_DataProvider.TestCases.registerTNTest()'><b>registerTNTest</b><br>Test class: com.TestNG.Oct_01_2023_Day10_TestNG_ExcelSheet_DataProvider.TestCases<br>Parameters: Selenium, Panda, 98765432, Selenium@123, Selenium@123</td>
<td></td>
<td>6</td>
<td>com.TestNG.Oct_01_2023_Day10_TestNG_ExcelSheet_DataProvider.TestCases@ca30bc1</td></tr>
<tr>
<td title='com.TestNG.Oct_01_2023_Day10_TestNG_ExcelSheet_DataProvider.TestCases.registerTNTest()'><b>registerTNTest</b><br>Test class: com.TestNG.Oct_01_2023_Day10_TestNG_ExcelSheet_DataProvider.TestCases<br>Parameters: Selenium, Panda, 98765432, Selenium@123, Selenium@123</td>
<td></td>
<td>6</td>
<td>com.TestNG.Oct_01_2023_Day10_TestNG_ExcelSheet_DataProvider.TestCases@ca30bc1</td></tr>
<tr>
<td title='com.TestNG.Oct_01_2023_Day10_TestNG_ExcelSheet_DataProvider.TestCases.registerTNTest()'><b>registerTNTest</b><br>Test class: com.TestNG.Oct_01_2023_Day10_TestNG_ExcelSheet_DataProvider.TestCases<br>Parameters: Selenium, Panda, 98765432, Selenium@123, Selenium@123</td>
<td></td>
<td>6</td>
<td>com.TestNG.Oct_01_2023_Day10_TestNG_ExcelSheet_DataProvider.TestCases@ca30bc1</td></tr>
</table><p>
</body>
</html>