<?xml version="1.0" encoding="UTF-8"?>
<!-- Generated by org.testng.reporters.JUnitReportReporter -->
<testsuite hostname="SarthakDELL" failures="0" tests="23" name="com.TestNG.Oct_01_2023_Day10_TestNG_ExcelSheet_DataProvider.TestCases" time="152.792" errors="1" timestamp="01 Oct 2023 18:11:13 GMT" skipped="0">
  <testcase classname="com.TestNG.Oct_01_2023_Day10_TestNG_ExcelSheet_DataProvider.TestCases" name="loginTNTest" time="4.784"/>
  <testcase classname="com.TestNG.Oct_01_2023_Day10_TestNG_ExcelSheet_DataProvider.TestCases" name="loginTNTest" time="8.907"/>
  <testcase classname="com.TestNG.Oct_01_2023_Day10_TestNG_ExcelSheet_DataProvider.TestCases" name="loginTNTest" time="4.903"/>
  <testcase classname="com.TestNG.Oct_01_2023_Day10_TestNG_ExcelSheet_DataProvider.TestCases" name="loginTNTest" time="4.906"/>
  <testcase classname="com.TestNG.Oct_01_2023_Day10_TestNG_ExcelSheet_DataProvider.TestCases" name="loginTNTest" time="4.766"/>
  <testcase classname="com.TestNG.Oct_01_2023_Day10_TestNG_ExcelSheet_DataProvider.TestCases" name="loginTNTest" time="4.949"/>
  <testcase classname="com.TestNG.Oct_01_2023_Day10_TestNG_ExcelSheet_DataProvider.TestCases" name="loginTNTest" time="4.896"/>
  <testcase classname="com.TestNG.Oct_01_2023_Day10_TestNG_ExcelSheet_DataProvider.TestCases" name="loginTNTest" time="4.895"/>
  <testcase classname="com.TestNG.Oct_01_2023_Day10_TestNG_ExcelSheet_DataProvider.TestCases" name="loginTNTest" time="4.965"/>
  <testcase classname="com.TestNG.Oct_01_2023_Day10_TestNG_ExcelSheet_DataProvider.TestCases" name="registerTNTest" time="6.295"/>
  <testcase classname="com.TestNG.Oct_01_2023_Day10_TestNG_ExcelSheet_DataProvider.TestCases" name="registerTNTest" time="6.552"/>
  <testcase classname="com.TestNG.Oct_01_2023_Day10_TestNG_ExcelSheet_DataProvider.TestCases" name="registerTNTest" time="5.944"/>
  <testcase classname="com.TestNG.Oct_01_2023_Day10_TestNG_ExcelSheet_DataProvider.TestCases" name="registerTNTest" time="6.391"/>
  <testcase classname="com.TestNG.Oct_01_2023_Day10_TestNG_ExcelSheet_DataProvider.TestCases" name="registerTNTest" time="6.486"/>
  <testcase classname="com.TestNG.Oct_01_2023_Day10_TestNG_ExcelSheet_DataProvider.TestCases" name="registerTNTest" time="5.917"/>
  <testcase classname="com.TestNG.Oct_01_2023_Day10_TestNG_ExcelSheet_DataProvider.TestCases" name="registerTNTest" time="6.415"/>
  <testcase classname="com.TestNG.Oct_01_2023_Day10_TestNG_ExcelSheet_DataProvider.TestCases" name="registerTNTest" time="6.232"/>
  <testcase classname="com.TestNG.Oct_01_2023_Day10_TestNG_ExcelSheet_DataProvider.TestCases" name="registerTNTest" time="6.041"/>
  <testcase classname="com.TestNG.Oct_01_2023_Day10_TestNG_ExcelSheet_DataProvider.TestCases" name="rediffLogin" time="10.054"/>
  <testcase classname="com.TestNG.Oct_01_2023_Day10_TestNG_ExcelSheet_DataProvider.TestCases" name="rediffLogin" time="9.823"/>
  <testcase classname="com.TestNG.Oct_01_2023_Day10_TestNG_ExcelSheet_DataProvider.TestCases" name="rediffLogin" time="12.060"/>
  <testcase classname="com.TestNG.Oct_01_2023_Day10_TestNG_ExcelSheet_DataProvider.TestCases" name="rediffLogin" time="11.714"/>
  <testcase classname="com.TestNG.Oct_01_2023_Day10_TestNG_ExcelSheet_DataProvider.TestCases" name="rediffLogin" time="4.897">
    <error message="no such element: Unable to locate element: {&quot;method&quot;:&quot;css selector&quot;,&quot;selector&quot;:&quot;.rd_logout&quot;}
  (Session info: chrome=117.0.5938.132)
For documentation on this error, please visit: https://www.selenium.dev/documentation/webdriver/troubleshooting/errors#no-such-element-exception
Build info: version: &#039;4.12.1&#039;, revision: &#039;8e34639b11&#039;
System info: os.name: &#039;Windows 11&#039;, os.arch: &#039;amd64&#039;, os.version: &#039;10.0&#039;, java.version: &#039;17.0.8.1&#039;
Driver info: org.openqa.selenium.chrome.ChromeDriver
Command: [772a2068d2caeed4cf2ae032f4da89a1, findElement {using=class name, value=rd_logout}]
Capabilities {acceptInsecureCerts: false, browserName: chrome, browserVersion: 117.0.5938.132, chrome: {chromedriverVersion: 117.0.5938.92 (67649b10b92b..., userDataDir: C:\Users\sarth\AppData\Loca...}, fedcm:accounts: true, goog:chromeOptions: {debuggerAddress: localhost:57888}, networkConnectionEnabled: false, pageLoadStrategy: normal, platformName: windows, proxy: Proxy(), se:cdp: ws://localhost:57888/devtoo..., se:cdpVersion: 117.0.5938.132, setWindowRect: true, strictFileInteractability: false, timeouts: {implicit: 0, pageLoad: 300000, script: 30000}, unhandledPromptBehavior: dismiss and notify, webauthn:extension:credBlob: true, webauthn:extension:largeBlob: true, webauthn:extension:minPinLength: true, webauthn:extension:prf: true, webauthn:virtualAuthenticators: true}
Session ID: 772a2068d2caeed4cf2ae032f4da89a1" type="org.openqa.selenium.NoSuchElementException">
      <![CDATA[org.openqa.selenium.NoSuchElementException: no such element: Unable to locate element: {"method":"css selector","selector":".rd_logout"}
  (Session info: chrome=117.0.5938.132)
For documentation on this error, please visit: https://www.selenium.dev/documentation/webdriver/troubleshooting/errors#no-such-element-exception
Build info: version: '4.12.1', revision: '8e34639b11'
System info: os.name: 'Windows 11', os.arch: 'amd64', os.version: '10.0', java.version: '17.0.8.1'
Driver info: org.openqa.selenium.chrome.ChromeDriver
Command: [772a2068d2caeed4cf2ae032f4da89a1, findElement {using=class name, value=rd_logout}]
Capabilities {acceptInsecureCerts: false, browserName: chrome, browserVersion: 117.0.5938.132, chrome: {chromedriverVersion: 117.0.5938.92 (67649b10b92b..., userDataDir: C:\Users\sarth\AppData\Loca...}, fedcm:accounts: true, goog:chromeOptions: {debuggerAddress: localhost:57888}, networkConnectionEnabled: false, pageLoadStrategy: normal, platformName: windows, proxy: Proxy(), se:cdp: ws://localhost:57888/devtoo..., se:cdpVersion: 117.0.5938.132, setWindowRect: true, strictFileInteractability: false, timeouts: {implicit: 0, pageLoad: 300000, script: 30000}, unhandledPromptBehavior: dismiss and notify, webauthn:extension:credBlob: true, webauthn:extension:largeBlob: true, webauthn:extension:minPinLength: true, webauthn:extension:prf: true, webauthn:virtualAuthenticators: true}
Session ID: 772a2068d2caeed4cf2ae032f4da89a1
	at java.base/jdk.internal.reflect.NativeConstructorAccessorImpl.newInstance0(Native Method)
	at java.base/jdk.internal.reflect.NativeConstructorAccessorImpl.newInstance(NativeConstructorAccessorImpl.java:77)
	at java.base/jdk.internal.reflect.DelegatingConstructorAccessorImpl.newInstance(DelegatingConstructorAccessorImpl.java:45)
	at java.base/java.lang.reflect.Constructor.newInstanceWithCaller(Constructor.java:499)
	at java.base/java.lang.reflect.Constructor.newInstance(Constructor.java:480)
	at org.openqa.selenium.remote.codec.w3c.W3CHttpResponseCodec.createException(W3CHttpResponseCodec.java:200)
	at org.openqa.selenium.remote.codec.w3c.W3CHttpResponseCodec.decode(W3CHttpResponseCodec.java:133)
	at org.openqa.selenium.remote.codec.w3c.W3CHttpResponseCodec.decode(W3CHttpResponseCodec.java:52)
	at org.openqa.selenium.remote.HttpCommandExecutor.execute(HttpCommandExecutor.java:191)
	at org.openqa.selenium.remote.service.DriverCommandExecutor.invokeExecute(DriverCommandExecutor.java:196)
	at org.openqa.selenium.remote.service.DriverCommandExecutor.execute(DriverCommandExecutor.java:171)
	at org.openqa.selenium.remote.RemoteWebDriver.execute(RemoteWebDriver.java:602)
	at org.openqa.selenium.remote.ElementLocation$ElementFinder$2.findElement(ElementLocation.java:165)
	at org.openqa.selenium.remote.ElementLocation.findElement(ElementLocation.java:66)
	at org.openqa.selenium.remote.RemoteWebDriver.findElement(RemoteWebDriver.java:359)
	at org.openqa.selenium.remote.RemoteWebDriver.findElement(RemoteWebDriver.java:353)
	at com.TestNG.Oct_01_2023_Day10_TestNG_ExcelSheet_DataProvider.TestCases.rediffLogin(TestCases.java:65)
	at java.base/jdk.internal.reflect.NativeMethodAccessorImpl.invoke0(Native Method)
	at java.base/jdk.internal.reflect.NativeMethodAccessorImpl.invoke(NativeMethodAccessorImpl.java:77)
	at java.base/jdk.internal.reflect.DelegatingMethodAccessorImpl.invoke(DelegatingMethodAccessorImpl.java:43)
	at java.base/java.lang.reflect.Method.invoke(Method.java:568)
	at org.testng.internal.MethodInvocationHelper.invokeMethod(MethodInvocationHelper.java:108)
	at org.testng.internal.Invoker.invokeMethod(Invoker.java:661)
	at org.testng.internal.Invoker.invokeTestMethod(Invoker.java:869)
	at org.testng.internal.Invoker.invokeTestMethods(Invoker.java:1193)
	at org.testng.internal.TestMethodWorker.invokeTestMethods(TestMethodWorker.java:126)
	at org.testng.internal.TestMethodWorker.run(TestMethodWorker.java:109)
	at org.testng.TestRunner.privateRun(TestRunner.java:744)
	at org.testng.TestRunner.run(TestRunner.java:602)
	at org.testng.SuiteRunner.runTest(SuiteRunner.java:380)
	at org.testng.SuiteRunner.runSequentially(SuiteRunner.java:375)
	at org.testng.SuiteRunner.privateRun(SuiteRunner.java:340)
	at org.testng.SuiteRunner.run(SuiteRunner.java:289)
	at org.testng.SuiteRunnerWorker.runSuite(SuiteRunnerWorker.java:52)
	at org.testng.SuiteRunnerWorker.run(SuiteRunnerWorker.java:86)
	at org.testng.TestNG.runSuitesSequentially(TestNG.java:1301)
	at org.testng.TestNG.runSuitesLocally(TestNG.java:1226)
	at org.testng.TestNG.runSuites(TestNG.java:1144)
	at org.testng.TestNG.run(TestNG.java:1115)
	at org.testng.remote.AbstractRemoteTestNG.run(AbstractRemoteTestNG.java:115)
	at org.testng.remote.RemoteTestNG.initAndRun(RemoteTestNG.java:251)
	at org.testng.remote.RemoteTestNG.main(RemoteTestNG.java:77)
]]>
    </error>
  </testcase> <!-- rediffLogin -->
</testsuite> <!-- com.TestNG.Oct_01_2023_Day10_TestNG_ExcelSheet_DataProvider.TestCases -->
